#
# There is insufficient memory for the Java Runtime Environment to continue.
# Native memory allocation (mmap) failed to map 266338304 bytes for G1 virtual space
# Possible reasons:
#   The system is out of physical RAM or swap space
#   The process is running with CompressedOops enabled, and the Java Heap may be blocking the growth of the native heap
# Possible solutions:
#   Reduce memory load on the system
#   Increase physical memory or swap space
#   Check if swap backing store is full
#   Decrease Java heap size (-Xmx/-Xms)
#   Decrease number of Java threads
#   Decrease Java thread stack sizes (-Xss)
#   Set larger code cache with -XX:ReservedCodeCacheSize=
#   JVM is running with Zero Based Compressed Oops mode in which the Java heap is
#     placed in the first 32GB address space. The Java Heap base address is the
#     maximum limit for the native heap growth. Please use -XX:HeapBaseMinAddress
#     to set the Java Heap base and to place the Java Heap above 32GB virtual address.
# This output file may be truncated or incomplete.
#
#  Out of Memory Error (os_windows.cpp:3825), pid=15776, tid=13780
#
# JRE version:  (17.0.10) (build )
# Java VM: OpenJDK 64-Bit Server VM (17.0.10+0--11609105, mixed mode, sharing, tiered, compressed oops, compressed class ptrs, g1 gc, windows-amd64)
# No core dump will be written. Minidumps are not enabled by default on client versions of Windows
#

---------------  S U M M A R Y ------------

Command Line: org.jetbrains.kotlin.cli.jvm.K2JVMCompiler @C:\Users\msi\AndroidStudioProjects\Cric\app\build\20250204_1385327037991678810.compiler.options

Host: Intel(R) Core(TM) i5-9300H CPU @ 2.40GHz, 8 cores, 15G,  Windows 11 , 64 bit Build 22621 (10.0.22621.4830)
Time: Tue Feb  4 11:56:35 2025 India Standard Time elapsed time: 0.017561 seconds (0d 0h 0m 0s)

---------------  T H R E A D  ---------------

Current thread (0x00000262beb99960):  JavaThread "Unknown thread" [_thread_in_vm, id=13780, stack(0x00000079af100000,0x00000079af200000)]

Stack: [0x00000079af100000,0x00000079af200000]
Native frames: (J=compiled Java code, j=interpreted, Vv=VM code, C=native code)
V  [jvm.dll+0x688de9]
V  [jvm.dll+0x8423da]
V  [jvm.dll+0x84401e]
V  [jvm.dll+0x844683]
V  [jvm.dll+0x24be0f]
V  [jvm.dll+0x685bb9]
V  [jvm.dll+0x67a46a]
V  [jvm.dll+0x30cbab]
V  [jvm.dll+0x314056]
V  [jvm.dll+0x363dce]
V  [jvm.dll+0x363fff]
V  [jvm.dll+0x2e2978]
V  [jvm.dll+0x2e38e4]
V  [jvm.dll+0x812f71]
V  [jvm.dll+0x371c81]
V  [jvm.dll+0x7f1ac6]
V  [jvm.dll+0x3f58df]
V  [jvm.dll+0x3f7511]
C  [jli.dll+0x528f]
C  [ucrtbase.dll+0x29333]
C  [KERNEL32.DLL+0x1259d]
C  [ntdll.dll+0x5af38]


---------------  P R O C E S S  ---------------

Threads class SMR info:
_java_thread_list=0x00007ffdebf7ef58, length=0, elements={
}

Java Threads: ( => current thread )

Other Threads:
  0x00000262bec09330 GCTaskThread "GC Thread#0" [stack: 0x00000079af200000,0x00000079af300000] [id=6744]
  0x00000262bec1a7b0 ConcurrentGCThread "G1 Main Marker" [stack: 0x00000079af300000,0x00000079af400000] [id=8864]
  0x00000262bec1b1d0 ConcurrentGCThread "G1 Conc#0" [stack: 0x00000079af400000,0x00000079af500000] [id=1720]

[error occurred during error reporting (printing all threads), id 0xc0000005, EXCEPTION_ACCESS_VIOLATION (0xc0000005) at pc=0x00007ffdeb733547]

VM state: not at safepoint (not fully initialized)

VM Mutex/Monitor currently owned by a thread:  ([mutex/lock_event])
[0x00000262beb96c60] Heap_lock - owner thread: 0x00000262beb99960

Heap address: 0x0000000702600000, size: 4058 MB, Compressed Oops mode: Zero based, Oop shift amount: 3

CDS archive(s) mapped at: [0x0000000000000000-0x0000000000000000-0x0000000000000000), size 0, SharedBaseAddress: 0x0000000800000000, ArchiveRelocationMode: 1.
Narrow klass base: 0x0000000000000000, Narrow klass shift: 0, Narrow klass range: 0x0

GC Precious Log:
<Empty>

Heap:
 garbage-first heap   total 0K, used 0K [0x0000000702600000, 0x0000000800000000)
  region size 2048K, 0 young (0K), 0 survivors (0K)
 Metaspace       used 0K, committed 0K, reserved 0K
  class space    used 0K, committed 0K, reserved 0K

Heap Regions: E=young(eden), S=young(survivor), O=old, HS=humongous(starts), HC=humongous(continues), CS=collection set, F=free, OA=open archive, CA=closed archive, TAMS=top-at-mark-start (previous, next)

Card table byte_map: [0x00000262d1b90000,0x00000262d2380000] _byte_map_base: 0x00000262ce37d000

Marking Bits (Prev, Next): (CMBitMap*) 0x00000262bec09950, (CMBitMap*) 0x00000262bec09990
 Prev Bits: [0x00000262d2b70000, 0x00000262d6ad8000)
 Next Bits: [0x00000262d6ae0000, 0x00000262daa48000)

GC Heap History (0 events):
No events

Dll operation events (1 events):
Event: 0.012 Loaded shared library C:\Program Files\Android\Android Studio\jbr\bin\java.dll

Deoptimization events (0 events):
No events

Classes unloaded (0 events):
No events

Classes redefined (0 events):
No events

Internal exceptions (0 events):
No events

VM Operations (0 events):
No events

Events (0 events):
No events


Dynamic libraries:
0x00007ff7566c0000 - 0x00007ff7566ca000 	C:\Program Files\Android\Android Studio\jbr\bin\java.exe
0x00007ffe41710000 - 0x00007ffe41927000 	C:\WINDOWS\SYSTEM32\ntdll.dll
0x00007ffe3fe40000 - 0x00007ffe3ff04000 	C:\WINDOWS\System32\KERNEL32.DLL
0x00007ffe3ec40000 - 0x00007ffe3f010000 	C:\WINDOWS\System32\KERNELBASE.dll
0x00007ffe3f010000 - 0x00007ffe3f121000 	C:\WINDOWS\System32\ucrtbase.dll
0x00007ffe270a0000 - 0x00007ffe270b7000 	C:\Program Files\Android\Android Studio\jbr\bin\jli.dll
0x00007ffe3f920000 - 0x00007ffe3face000 	C:\WINDOWS\System32\USER32.dll
0x00007ffe070f0000 - 0x00007ffe0710b000 	C:\Program Files\Android\Android Studio\jbr\bin\VCRUNTIME140.dll
0x00007ffe3ec10000 - 0x00007ffe3ec36000 	C:\WINDOWS\System32\win32u.dll
0x00007ffe41310000 - 0x00007ffe41339000 	C:\WINDOWS\System32\GDI32.dll
0x00007ffe3eaf0000 - 0x00007ffe3ec0b000 	C:\WINDOWS\System32\gdi32full.dll
0x00007ffe3f130000 - 0x00007ffe3f1ca000 	C:\WINDOWS\System32\msvcp_win.dll
0x00007ffe22730000 - 0x00007ffe229c2000 	C:\WINDOWS\WinSxS\amd64_microsoft.windows.common-controls_6595b64144ccf1df_6.0.22621.4830_none_270fe7d773858e80\COMCTL32.dll
0x00007ffe3f870000 - 0x00007ffe3f917000 	C:\WINDOWS\System32\msvcrt.dll
0x00007ffe3f5d0000 - 0x00007ffe3f601000 	C:\WINDOWS\System32\IMM32.DLL
0x00007ffe0adc0000 - 0x00007ffe0adcc000 	C:\Program Files\Android\Android Studio\jbr\bin\vcruntime140_1.dll
0x00007ffde5980000 - 0x00007ffde5a0d000 	C:\Program Files\Android\Android Studio\jbr\bin\msvcp140.dll
0x00007ffdeb440000 - 0x00007ffdec0c3000 	C:\Program Files\Android\Android Studio\jbr\bin\server\jvm.dll
0x00007ffe3f510000 - 0x00007ffe3f5c1000 	C:\WINDOWS\System32\ADVAPI32.dll
0x00007ffe40eb0000 - 0x00007ffe40f57000 	C:\WINDOWS\System32\sechost.dll
0x00007ffe3ea40000 - 0x00007ffe3ea68000 	C:\WINDOWS\System32\bcrypt.dll
0x00007ffe3ff30000 - 0x00007ffe40044000 	C:\WINDOWS\System32\RPCRT4.dll
0x00007ffe1cc10000 - 0x00007ffe1cc19000 	C:\WINDOWS\SYSTEM32\WSOCK32.dll
0x00007ffe3d820000 - 0x00007ffe3d86d000 	C:\WINDOWS\SYSTEM32\POWRPROF.dll
0x00007ffe40d50000 - 0x00007ffe40dc1000 	C:\WINDOWS\System32\WS2_32.dll
0x00007ffe2a690000 - 0x00007ffe2a6c4000 	C:\WINDOWS\SYSTEM32\WINMM.dll
0x00007ffe3b060000 - 0x00007ffe3b06a000 	C:\WINDOWS\SYSTEM32\VERSION.dll
0x00007ffe3d800000 - 0x00007ffe3d813000 	C:\WINDOWS\SYSTEM32\UMPDC.dll
0x00007ffe3dab0000 - 0x00007ffe3dac8000 	C:\WINDOWS\SYSTEM32\kernel.appcore.dll
0x00007ffe3ac00000 - 0x00007ffe3ac0a000 	C:\Program Files\Android\Android Studio\jbr\bin\jimage.dll
0x00007ffe29680000 - 0x00007ffe298b2000 	C:\WINDOWS\SYSTEM32\DBGHELP.DLL
0x00007ffe41340000 - 0x00007ffe416d0000 	C:\WINDOWS\System32\combase.dll
0x00007ffe3fc50000 - 0x00007ffe3fd27000 	C:\WINDOWS\System32\OLEAUT32.dll
0x00007ffe1a230000 - 0x00007ffe1a262000 	C:\WINDOWS\SYSTEM32\dbgcore.DLL
0x00007ffe3e9c0000 - 0x00007ffe3ea3b000 	C:\WINDOWS\System32\bcryptPrimitives.dll
0x00007ffe3ab80000 - 0x00007ffe3aba5000 	C:\Program Files\Android\Android Studio\jbr\bin\java.dll

dbghelp: loaded successfully - version: 4.0.5 - missing functions: none
symbol engine: initialized successfully - sym options: 0x614 - pdb path: .;C:\Program Files\Android\Android Studio\jbr\bin;C:\WINDOWS\SYSTEM32;C:\WINDOWS\WinSxS\amd64_microsoft.windows.common-controls_6595b64144ccf1df_6.0.22621.4830_none_270fe7d773858e80;C:\Program Files\Android\Android Studio\jbr\bin\server

VM Arguments:
java_command: org.jetbrains.kotlin.cli.jvm.K2JVMCompiler @C:\Users\msi\AndroidStudioProjects\Cric\app\build\20250204_1385327037991678810.compiler.options
java_class_path (initial): C:\Users\msi\.gradle\caches\modules-2\files-2.1\org.jetbrains.kotlin\kotlin-compiler-embeddable\2.1.0\988bf980588bbbcfa1ba19c1ffd7aa869b335a31\kotlin-compiler-embeddable-2.1.0.jar;C:\Users\msi\.gradle\caches\modules-2\files-2.1\org.jetbrains.kotlin\kotlin-stdlib\2.1.0\85f8b81009cda5890e54ba67d64b5e599c645020\kotlin-stdlib-2.1.0.jar;C:\Users\msi\.gradle\caches\modules-2\files-2.1\org.jetbrains.kotlin\kotlin-script-runtime\2.1.0\5909da8c57b75a117714ab0e348c86101b7a3284\kotlin-script-runtime-2.1.0.jar;C:\Users\msi\.gradle\caches\modules-2\files-2.1\org.jetbrains.kotlin\kotlin-reflect\1.6.10\1cbe9c92c12a94eea200d23c2bbaedaf3daf5132\kotlin-reflect-1.6.10.jar;C:\Users\msi\.gradle\caches\modules-2\files-2.1\org.jetbrains.kotlin\kotlin-daemon-embeddable\2.1.0\420bae1908e4a353f5b56c3c850d24d86367b25d\kotlin-daemon-embeddable-2.1.0.jar;C:\Users\msi\.gradle\caches\modules-2\files-2.1\org.jetbrains.intellij.deps\trove4j\1.0.20200330\3afb14d5f9ceb459d724e907a21145e8ff394f02\trove4j-1.0.20200330.jar;C:\Users\msi\.gradle\caches\modules-2\files-2.1\org.jetbrains.kotlinx\kotlinx-coroutines-core-jvm\1.6.4\2c997cd1c0ef33f3e751d3831929aeff1390cb30\kotlinx-coroutines-core-jvm-1.6.4.jar;C:\Users\msi\.gradle\caches\modules-2\files-2.1\org.jetbrains\annotations\13.0\919f0dfe192fb4e063e7dacadee7f8bb9a2672a9\annotations-13.0.jar
Launcher Type: SUN_STANDARD

[Global flags]
     intx CICompilerCount                          = 4                                         {product} {ergonomic}
     uint ConcGCThreads                            = 2                                         {product} {ergonomic}
     uint G1ConcRefinementThreads                  = 8                                         {product} {ergonomic}
   size_t G1HeapRegionSize                         = 2097152                                   {product} {ergonomic}
    uintx GCDrainStackTargetSize                   = 64                                        {product} {ergonomic}
   size_t InitialHeapSize                          = 266338304                                 {product} {ergonomic}
   size_t MarkStackSize                            = 4194304                                   {product} {ergonomic}
   size_t MaxHeapSize                              = 4255121408                                {product} {ergonomic}
   size_t MinHeapDeltaBytes                        = 2097152                                   {product} {ergonomic}
   size_t MinHeapSize                              = 8388608                                   {product} {ergonomic}
    uintx NonNMethodCodeHeapSize                   = 5839372                                {pd product} {ergonomic}
    uintx NonProfiledCodeHeapSize                  = 122909434                              {pd product} {ergonomic}
    uintx ProfiledCodeHeapSize                     = 122909434                              {pd product} {ergonomic}
    uintx ReservedCodeCacheSize                    = 251658240                              {pd product} {ergonomic}
     bool SegmentedCodeCache                       = true                                      {product} {ergonomic}
   size_t SoftMaxHeapSize                          = 4255121408                             {manageable} {ergonomic}
     bool UseCompressedClassPointers               = true                           {product lp64_product} {ergonomic}
     bool UseCompressedOops                        = true                           {product lp64_product} {ergonomic}
     bool UseG1GC                                  = true                                      {product} {ergonomic}
     bool UseLargePagesIndividualAllocation        = false                                  {pd product} {ergonomic}

Logging:
Log output configuration:
 #0: stdout all=warning uptime,level,tags
 #1: stderr all=off uptime,level,tags

Environment Variables:
PATH=C:\Program Files\Common Files\Oracle\Java\javapath;C:\Users\msi\AppData\Local\Programs\Python\Python312\Scripts\;C:\Users\msi\AppData\Local\Programs\Python\Python312\;C:\WINDOWS\system32;C:\WINDOWS;C:\WINDOWS\System32\Wbem;C:\WINDOWS\System32\WindowsPowerShell\v1.0\;C:\WINDOWS\System32\OpenSSH\;C:\Program Files\Microsoft SQL Server\120\Tools\Binn\;C:\Program Files\MySQL\MySQL Server 8.0\bin;C:\Program Files\dotnet\;C:\ProgramData\chocolatey\bin;C:\MinGW\bin;C:\Program Files\Git\cmd;C:\Program Files\Java\jdk-23\bin;C:\Program Files\nodejs\;C:\Users\msi\AppData\Local\Programs\Python\Launcher\;C:\Users\msi\AppData\Local\Microsoft\WindowsApps;C:\Users\msi\AppData\Local\Programs\Microsoft VS Code\bin;C:\Users\msi\AppData\Local\Muse Hub\lib;C:\ProgramData\msi\GitHubDesktop\bin;C:\Program Files\nodejs\;C:\apktool;C:\Users\msi\AppData\Local\GitHubDesktop\bin;C:\Program Files\Java\;C:\MinGW\bin;C:\Program Files\Java\jdk-23\bin;C:\Users\msi\AppData\Roaming\npm
USERNAME=msi
OS=Windows_NT
PROCESSOR_IDENTIFIER=Intel64 Family 6 Model 158 Stepping 13, GenuineIntel
TMP=C:\Users\msi\AppData\Local\Temp
TEMP=C:\Users\msi\AppData\Local\Temp



Periodic native trim disabled

JNI global refs:
JNI global refs: 0, weak refs: 0

JNI global refs memory usage: 0, weak refs: 0

OOME stack traces (most recent first):
Classloader memory used:


---------------  S Y S T E M  ---------------

OS:
 Windows 11 , 64 bit Build 22621 (10.0.22621.4830)
OS uptime: 0 days 0:53 hours
Hyper-V role detected

CPU: total 8 (initial active 8) (4 cores per cpu, 2 threads per core) family 6 model 158 stepping 13 microcode 0xde, cx8, cmov, fxsr, ht, mmx, 3dnowpref, sse, sse2, sse3, ssse3, sse4.1, sse4.2, popcnt, lzcnt, tsc, tscinvbit, avx, avx2, aes, erms, clmul, bmi1, bmi2, adx, fma, vzeroupper, clflush, clflushopt, hv
Processor Information for all 8 processors :
  Max Mhz: 2401, Current Mhz: 2400, Mhz Limit: 2376

Memory: 4k page, system-wide physical 16228M (5264M free)
TotalPageFile size 16228M (AvailPageFile size 147M)
current process WorkingSet (physical memory assigned to process): 11M, peak: 11M
current process commit charge ("private bytes"): 60M, peak: 314M

vm_info: OpenJDK 64-Bit Server VM (17.0.10+0--11609105) for windows-amd64 JRE (17.0.10+0--11609105), built on Mar 21 2024 19:10:56 by "androidbuild" with MS VC++ 16.10 / 16.11 (VS2019)

END.
